[ I 210820 09:54:04 systemer:62 ] [ shell ] tidevice  screenshot
[ I 210820 09:54:05 systemer:71 ] Screenshot saved to screenshot.jpg
[ I 210820 09:54:07 systemer:62 ] [ shell ] mv /Users/lan/workspace/pythonProject/estoolkit_qt_2.0/screenshot.jpg /Users/lan/workspace/pythonProject/estoolkit_qt_2.0/screen
[ I 210820 10:00:29 systemer:62 ] [ shell ] tidevice  screenshot
[ I 210820 10:00:30 systemer:71 ] Screenshot saved to screenshot.jpg
[ I 210820 10:00:31 systemer:62 ] [ shell ] tidevice  list
[ I 210820 10:00:31 systemer:71 ] 00008020-001A08D11A7A002E 方飞的 iPhone
[ I 210820 10:00:31 systemer:62 ] [ shell ] tidevice  list
[ I 210820 10:00:32 systemer:71 ] 00008020-001A08D11A7A002E 方飞的 iPhone
[ I 210820 10:00:32 systemer:62 ] [ shell ] mv /Users/lan/workspace/pythonProject/estoolkit_qt_2.0/screenshot.jpg /Users/lan/workspace/pythonProject/estoolkit_qt_2.0/screen/方飞的 iphone_210820_100032.jpg
[ I 210820 10:01:24 systemer:62 ] [ shell ] tidevice  screenshot
[ I 210820 10:01:25 systemer:71 ] Screenshot saved to screenshot.jpg
[ I 210820 10:01:26 systemer:62 ] [ shell ] tidevice  list
[ I 210820 10:01:26 systemer:71 ] 00008020-001A08D11A7A002E 方飞的 iPhone
[ I 210820 10:01:26 systemer:62 ] [ shell ] tidevice  list
[ I 210820 10:01:27 systemer:71 ] 00008020-001A08D11A7A002E 方飞的 iPhone
[ I 210820 10:01:27 systemer:62 ] [ shell ] mv /Users/lan/workspace/pythonProject/estoolkit_qt_2.0/screenshot.jpg /Users/lan/workspace/pythonProject/estoolkit_qt_2.0/screen/方飞的_iphone_210820_100127.jpg
[ I 210820 10:02:27 systemer:62 ] [ shell ] tidevice  list
[ I 210820 10:02:27 systemer:71 ] 00008020-001A08D11A7A002E 方飞的 iPhone
[ I 210820 10:02:28 systemer:62 ] [ shell ] tidevice  list
[ I 210820 10:02:28 systemer:71 ] 00008020-001A08D11A7A002E 方飞的 iPhone
[ I 210820 10:02:28 systemer:62 ] [ shell ] tidevice  screenshot
[ I 210820 10:05:13 stacked_adbkit:345 ] Device checking... Now device list: []
[ I 210820 10:05:20 stacked_adbkit:345 ] Device checking... Now device list: []
[ I 210820 10:05:32 systemer:62 ] [ shell ] tidevice  list
[ I 210820 10:05:32 systemer:71 ] 00008020-001A08D11A7A002E 方飞的 iPhone
[ I 210820 10:05:32 systemer:62 ] [ shell ] tidevice  list
[ I 210820 10:05:33 systemer:71 ] 00008020-001A08D11A7A002E 方飞的 iPhone
[ I 210820 10:05:33 systemer:62 ] [ shell ] tidevice  list
[ I 210820 10:05:34 systemer:71 ] 00008020-001A08D11A7A002E 方飞的 iPhone
[ I 210820 10:05:34 stacked_tidevice:217 ] Device checking... Now device list: ['方飞的 iPhone']
[ I 210820 10:06:04 systemer:62 ] [ shell ] tidevice  list
[ I 210820 10:06:05 systemer:71 ] 00008020-001A08D11A7A002E 方飞的 iPhone
[ I 210820 10:06:05 systemer:62 ] [ shell ] tidevice  list
[ I 210820 10:06:05 systemer:71 ] 00008020-001A08D11A7A002E 方飞的 iPhone
[ I 210820 10:06:05 systemer:62 ] [ shell ] tidevice  screenshot
[ I 210820 10:06:06 systemer:71 ] Screenshot saved to screenshot.jpg
[ I 210820 10:06:07 systemer:62 ] [ shell ] tidevice  list
[ I 210820 10:06:08 systemer:71 ] 00008020-001A08D11A7A002E 方飞的 iPhone
[ I 210820 10:06:08 systemer:62 ] [ shell ] tidevice  list
[ I 210820 10:06:08 systemer:71 ] 00008020-001A08D11A7A002E 方飞的 iPhone
[ I 210820 10:06:08 systemer:62 ] [ shell ] mv /Users/lan/workspace/pythonProject/estoolkit_qt_2.0/screenshot.jpg /Users/lan/workspace/pythonProject/estoolkit_qt_2.0/screen/方飞的_iphone_210820_100608.jpg
[ I 210820 10:06:28 systemer:62 ] [ shell ] tidevice  list
[ I 210820 10:06:28 systemer:71 ] 00008020-001A08D11A7A002E 方飞的 iPhone
[ I 210820 10:06:28 systemer:62 ] [ shell ] tidevice  list
[ I 210820 10:06:29 systemer:71 ] 00008020-001A08D11A7A002E 方飞的 iPhone
[ I 210820 10:06:29 systemer:62 ] [ shell ] tidevice  list
[ I 210820 10:06:30 systemer:71 ] 00008020-001A08D11A7A002E 方飞的 iPhone
[ I 210820 10:06:30 stacked_tidevice:217 ] Device checking... Now device list: ['方飞的 iPhone']
[ I 210820 10:06:32 systemer:62 ] [ shell ] tidevice  list
[ I 210820 10:06:33 systemer:71 ] 00008020-001A08D11A7A002E 方飞的 iPhone
[ I 210820 10:06:33 systemer:62 ] [ shell ] tidevice  list
[ I 210820 10:06:33 systemer:71 ] 00008020-001A08D11A7A002E 方飞的 iPhone
[ I 210820 10:06:33 systemer:62 ] [ shell ] tidevice  screenshot
[ I 210820 10:06:34 systemer:71 ] Screenshot saved to screenshot.jpg
[ I 210820 10:06:35 systemer:62 ] [ shell ] tidevice  list
[ I 210820 10:06:36 systemer:71 ] 00008020-001A08D11A7A002E 方飞的 iPhone
[ I 210820 10:06:36 systemer:62 ] [ shell ] tidevice  list
[ I 210820 10:06:36 systemer:71 ] 00008020-001A08D11A7A002E 方飞的 iPhone
[ I 210820 10:06:36 systemer:62 ] [ shell ] mv /Users/lan/workspace/pythonProject/estoolkit_qt_2.0/screenshot.jpg /Users/lan/workspace/pythonProject/estoolkit_qt_2.0/screen/方飞的_iphone_210820_100636.jpg
[ I 210820 10:15:07 systemer:62 ] [ shell ] tidevice  list
[ I 210820 10:15:08 systemer:71 ] 00008020-001A08D11A7A002E 方飞的 iPhone
[ I 210820 10:15:08 systemer:62 ] [ shell ] tidevice  list
[ I 210820 10:15:08 systemer:71 ] 00008020-001A08D11A7A002E 方飞的 iPhone
[ I 210820 10:15:09 systemer:62 ] [ shell ] tidevice  list
[ I 210820 10:15:09 systemer:71 ] 00008020-001A08D11A7A002E 方飞的 iPhone
[ I 210820 10:15:09 stacked_tidevice:217 ] Device checking... Now device list: ['方飞的 iPhone']
[ I 210820 10:15:11 systemer:62 ] [ shell ] tidevice  list
[ I 210820 10:15:11 systemer:71 ] 00008020-001A08D11A7A002E 方飞的 iPhone
[ I 210820 10:15:11 systemer:62 ] [ shell ] tidevice  list
[ I 210820 10:15:12 systemer:71 ] 00008020-001A08D11A7A002E 方飞的 iPhone
[ I 210820 10:15:12 systemer:62 ] [ shell ] tidevice  screenshot
[ I 210820 10:15:12 systemer:71 ] Screenshot saved to screenshot.jpg
[ I 210820 10:15:13 systemer:62 ] [ shell ] tidevice  list
[ I 210820 10:15:14 systemer:71 ] 00008020-001A08D11A7A002E 方飞的 iPhone
[ I 210820 10:15:14 systemer:62 ] [ shell ] tidevice  list
[ I 210820 10:15:14 systemer:71 ] 00008020-001A08D11A7A002E 方飞的 iPhone
[ I 210820 10:15:15 systemer:62 ] [ shell ] mv /Users/lan/workspace/pythonProject/estoolkit_qt_2.0/screenshot.jpg /Users/lan/workspace/pythonProject/estoolkit_qt_2.0/screen/方飞的iphone_210820_101515.jpg
[ I 210820 10:15:15 tidevice:102 ] 截图保存路径：/Users/lan/workspace/pythonProject/estoolkit_qt_2.0/screen/方飞的iphone_210820_101515.jpg
[ I 210820 10:15:22 stacked_tidevice:335 ] Open screenshot ==> open /Users/lan/workspace/pythonProject/estoolkit_qt_2.0/screen/方飞的iphone_210820_101515.jpg
[ I 210820 10:15:42 stacked_tidevice:335 ] Open screenshot ==> open /Users/lan/workspace/pythonProject/estoolkit_qt_2.0/screen/方飞的iphone_210820_101515.jpg
[ I 210820 10:15:59 stacked_tidevice:335 ] Open screenshot ==> open /Users/lan/workspace/pythonProject/estoolkit_qt_2.0/screen/方飞的iphone_210820_101515.jpg
[ I 210820 10:16:02 stacked_tidevice:335 ] Open screenshot ==> open /Users/lan/workspace/pythonProject/estoolkit_qt_2.0/screen/方飞的iphone_210820_101515.jpg
[ I 210820 10:16:09 stacked_tidevice:335 ] Open screenshot ==> open /Users/lan/workspace/pythonProject/estoolkit_qt_2.0/screen/方飞的iphone_210820_101515.jpg
[ I 210820 10:17:41 stacked_tidevice:348 ] Open screenshot dir ==> open /Users/lan/workspace/pythonProject/estoolkit_qt_2.0/screen
[ I 210820 10:17:50 stacked_tidevice:335 ] Open screenshot ==> open /Users/lan/workspace/pythonProject/estoolkit_qt_2.0/screen/方飞的iphone_210820_101515.jpg
[ I 210820 10:19:50 stacked_tidevice:351 ] [ OPEN ] screen dir ==> open /Users/lan/workspace/pythonProject/estoolkit_qt_2.0/screen
[ I 210820 10:19:58 stacked_tidevice:351 ] [ OPEN ] screen dir ==> open /Users/lan/workspace/pythonProject/estoolkit_qt_2.0/screen
[ I 210820 10:20:08 stacked_tidevice:336 ] [ OPEN ] screenshot ==> open /Users/lan/workspace/pythonProject/estoolkit_qt_2.0/screen/方飞的iphone_210820_101515.jpg
[ I 210820 10:20:21 systemer:62 ] [ shell ] tidevice  list
[ I 210820 10:20:22 systemer:71 ] 00008020-001A08D11A7A002E 方飞的 iPhone
[ I 210820 10:20:22 systemer:62 ] [ shell ] tidevice  list
[ I 210820 10:20:23 systemer:71 ] 00008020-001A08D11A7A002E 方飞的 iPhone
[ I 210820 10:20:23 systemer:62 ] [ shell ] tidevice  screenshot
[ I 210820 10:20:23 systemer:71 ] Screenshot saved to screenshot.jpg
[ I 210820 10:20:24 systemer:62 ] [ shell ] tidevice  list
[ I 210820 10:20:25 systemer:71 ] 00008020-001A08D11A7A002E 方飞的 iPhone
[ I 210820 10:20:25 systemer:62 ] [ shell ] tidevice  list
[ I 210820 10:20:25 systemer:71 ] 00008020-001A08D11A7A002E 方飞的 iPhone
[ I 210820 10:20:25 systemer:62 ] [ shell ] mv /Users/lan/workspace/pythonProject/estoolkit_qt_2.0/screenshot.jpg /Users/lan/workspace/pythonProject/estoolkit_qt_2.0/screen/方飞的iphone_210820_102025.jpg
[ I 210820 10:20:25 tidevice:102 ] 截图保存路径：/Users/lan/workspace/pythonProject/estoolkit_qt_2.0/screen/方飞的iphone_210820_102025.jpg
[ I 210820 10:20:29 stacked_tidevice:336 ] [ OPEN ] screenshot ==> open /Users/lan/workspace/pythonProject/estoolkit_qt_2.0/screen/方飞的iphone_210820_102025.jpg
[ I 210820 10:20:33 stacked_tidevice:351 ] [ OPEN ] screen dir ==> open /Users/lan/workspace/pythonProject/estoolkit_qt_2.0/screen
[ I 210820 10:21:33 stacked_tidevice:337 ] [ OPEN ] screenshot ==> open /Users/lan/workspace/pythonProject/estoolkit_qt_2.0/screen/方飞的iphone_210820_102025.jpg
[ I 210820 10:21:37 systemer:62 ] [ shell ] tidevice  list
[ I 210820 10:21:38 systemer:71 ] 00008020-001A08D11A7A002E 方飞的 iPhone
[ I 210820 10:21:38 systemer:62 ] [ shell ] tidevice  list
[ I 210820 10:21:38 systemer:71 ] 00008020-001A08D11A7A002E 方飞的 iPhone
[ I 210820 10:21:39 systemer:62 ] [ shell ] tidevice  list
[ I 210820 10:21:39 systemer:71 ] 00008020-001A08D11A7A002E 方飞的 iPhone
[ I 210820 10:21:39 systemer:62 ] [ shell ] tidevice  list
[ I 210820 10:21:40 systemer:71 ] 00008020-001A08D11A7A002E 方飞的 iPhone
[ I 210820 10:21:40 systemer:62 ] [ shell ] tidevice  list
[ I 210820 10:21:40 systemer:71 ] 00008020-001A08D11A7A002E 方飞的 iPhone
[ I 210820 10:21:40 systemer:62 ] [ shell ] tidevice  list
[ I 210820 10:21:41 systemer:71 ] 00008020-001A08D11A7A002E 方飞的 iPhone
[ I 210820 10:21:41 systemer:62 ] [ shell ] tidevice  list
[ I 210820 10:21:41 systemer:71 ] 00008020-001A08D11A7A002E 方飞的 iPhone
[ I 210820 10:21:41 systemer:62 ] [ shell ] tidevice  list
[ I 210820 10:21:42 systemer:71 ] 00008020-001A08D11A7A002E 方飞的 iPhone
[ I 210820 10:21:42 systemer:62 ] [ shell ] tidevice  list
[ I 210820 10:21:42 systemer:71 ] 00008020-001A08D11A7A002E 方飞的 iPhone
[ I 210820 10:21:42 systemer:62 ] [ shell ] tidevice  list
[ I 210820 10:21:43 systemer:71 ] 00008020-001A08D11A7A002E 方飞的 iPhone
[ I 210820 10:21:43 systemer:62 ] [ shell ] tidevice  list
[ I 210820 10:21:44 systemer:71 ] 00008020-001A08D11A7A002E 方飞的 iPhone
[ I 210820 10:21:44 systemer:62 ] [ shell ] tidevice  list
[ I 210820 10:21:44 systemer:71 ] 00008020-001A08D11A7A002E 方飞的 iPhone
[ I 210820 10:21:44 systemer:62 ] [ shell ] tidevice  list
[ I 210820 10:21:45 systemer:71 ] 00008020-001A08D11A7A002E 方飞的 iPhone
[ I 210820 10:21:45 systemer:62 ] [ shell ] tidevice  list
[ I 210820 10:21:45 systemer:71 ] 00008020-001A08D11A7A002E 方飞的 iPhone
[ I 210820 10:21:45 systemer:62 ] [ shell ] tidevice  list
[ I 210820 10:21:46 systemer:71 ] 00008020-001A08D11A7A002E 方飞的 iPhone
[ I 210820 10:21:46 systemer:62 ] [ shell ] tidevice  list
[ I 210820 10:21:46 systemer:71 ] 00008020-001A08D11A7A002E 方飞的 iPhone
[ I 210820 10:21:46 systemer:62 ] [ shell ] tidevice  list
[ I 210820 10:21:47 systemer:71 ] 00008020-001A08D11A7A002E 方飞的 iPhone
[ I 210820 10:21:47 systemer:62 ] [ shell ] tidevice  list
[ I 210820 10:21:48 systemer:71 ] 00008020-001A08D11A7A002E 方飞的 iPhone
[ I 210820 10:21:48 systemer:62 ] [ shell ] tidevice  list
[ I 210820 10:21:48 systemer:71 ] 00008020-001A08D11A7A002E 方飞的 iPhone
[ I 210820 10:21:48 systemer:62 ] [ shell ] tidevice  list
[ I 210820 10:21:49 systemer:71 ] 00008020-001A08D11A7A002E 方飞的 iPhone
[ I 210820 10:21:49 systemer:62 ] [ shell ] tidevice  list
[ I 210820 10:21:49 systemer:71 ] 00008020-001A08D11A7A002E 方飞的 iPhone
[ I 210820 10:21:49 systemer:62 ] [ shell ] tidevice  list
[ I 210820 10:21:50 systemer:71 ] 00008020-001A08D11A7A002E 方飞的 iPhone
[ I 210820 10:21:50 systemer:62 ] [ shell ] tidevice  list
[ I 210820 10:21:51 systemer:71 ] 00008020-001A08D11A7A002E 方飞的 iPhone
[ I 210820 10:21:51 systemer:62 ] [ shell ] tidevice  list
[ I 210820 10:21:51 systemer:71 ] 00008020-001A08D11A7A002E 方飞的 iPhone
[ I 210820 10:21:51 systemer:62 ] [ shell ] tidevice  list
[ I 210820 10:21:52 systemer:71 ] 00008020-001A08D11A7A002E 方飞的 iPhone
[ I 210820 10:21:52 systemer:62 ] [ shell ] tidevice  list
[ I 210820 10:21:52 systemer:71 ] 00008020-001A08D11A7A002E 方飞的 iPhone
[ I 210820 10:21:52 systemer:62 ] [ shell ] tidevice  list
[ I 210820 10:21:53 systemer:71 ] 00008020-001A08D11A7A002E 方飞的 iPhone
[ I 210820 10:21:53 systemer:62 ] [ shell ] tidevice  list
[ I 210820 10:21:53 systemer:71 ] 00008020-001A08D11A7A002E 方飞的 iPhone
[ I 210820 10:21:53 systemer:62 ] [ shell ] tidevice  list
[ I 210820 10:21:54 systemer:71 ] 00008020-001A08D11A7A002E 方飞的 iPhone
[ I 210820 10:21:54 systemer:62 ] [ shell ] tidevice  list
[ I 210820 10:21:55 systemer:71 ] 00008020-001A08D11A7A002E 方飞的 iPhone
[ I 210820 10:21:55 systemer:62 ] [ shell ] tidevice  list
[ I 210820 10:21:55 systemer:71 ] 00008020-001A08D11A7A002E 方飞的 iPhone
[ I 210820 10:21:55 systemer:62 ] [ shell ] tidevice  list
[ I 210820 10:21:56 systemer:71 ] 00008020-001A08D11A7A002E 方飞的 iPhone
[ I 210820 10:21:56 systemer:62 ] [ shell ] tidevice  list
[ I 210820 10:21:56 systemer:71 ] 00008020-001A08D11A7A002E 方飞的 iPhone
[ I 210820 10:21:56 systemer:62 ] [ shell ] tidevice  list
[ I 210820 10:21:57 systemer:71 ] 00008020-001A08D11A7A002E 方飞的 iPhone
[ I 210820 10:21:57 systemer:62 ] [ shell ] tidevice  list
[ I 210820 10:21:57 systemer:71 ] 00008020-001A08D11A7A002E 方飞的 iPhone
[ I 210820 10:21:57 systemer:62 ] [ shell ] tidevice  list
[ I 210820 10:21:58 systemer:71 ] 00008020-001A08D11A7A002E 方飞的 iPhone
[ I 210820 10:21:58 systemer:62 ] [ shell ] tidevice  list
[ I 210820 10:21:59 systemer:71 ] 00008020-001A08D11A7A002E 方飞的 iPhone
[ I 210820 10:21:59 systemer:62 ] [ shell ] tidevice  list
[ I 210820 10:21:59 systemer:71 ] 00008020-001A08D11A7A002E 方飞的 iPhone
[ I 210820 10:21:59 systemer:62 ] [ shell ] tidevice  list
[ I 210820 10:22:00 systemer:71 ] 00008020-001A08D11A7A002E 方飞的 iPhone
[ I 210820 10:22:00 systemer:62 ] [ shell ] tidevice  list
[ I 210820 10:22:00 systemer:71 ] 00008020-001A08D11A7A002E 方飞的 iPhone
[ I 210820 10:22:00 systemer:62 ] [ shell ] tidevice  list
[ I 210820 10:22:01 systemer:71 ] 00008020-001A08D11A7A002E 方飞的 iPhone
[ I 210820 10:22:01 systemer:62 ] [ shell ] tidevice  list
[ I 210820 10:22:01 systemer:71 ] 00008020-001A08D11A7A002E 方飞的 iPhone
[ I 210820 10:22:01 systemer:62 ] [ shell ] tidevice  list
[ I 210820 10:22:02 systemer:71 ] 00008020-001A08D11A7A002E 方飞的 iPhone
[ I 210820 10:22:02 systemer:62 ] [ shell ] tidevice  list
[ I 210820 10:22:03 systemer:71 ] 00008020-001A08D11A7A002E 方飞的 iPhone
[ I 210820 10:22:03 systemer:62 ] [ shell ] tidevice  list
[ I 210820 10:23:07 systemer:62 ] [ shell ] tidevice  list
[ I 210820 10:23:08 systemer:71 ] 00008020-001A08D11A7A002E 方飞的 iPhone
[ I 210820 10:23:08 systemer:62 ] [ shell ] tidevice  list
[ I 210820 10:23:09 systemer:71 ] 00008020-001A08D11A7A002E 方飞的 iPhone
[ I 210820 10:23:09 systemer:62 ] [ shell ] tidevice  list
[ I 210820 10:23:09 systemer:71 ] 00008020-001A08D11A7A002E 方飞的 iPhone
[ I 210820 10:23:09 systemer:62 ] [ shell ] tidevice  list
[ I 210820 10:23:10 systemer:71 ] 00008020-001A08D11A7A002E 方飞的 iPhone
[ I 210820 10:23:10 systemer:62 ] [ shell ] tidevice  list
[ I 210820 10:23:10 systemer:71 ] 00008020-001A08D11A7A002E 方飞的 iPhone
[ I 210820 10:23:10 systemer:62 ] [ shell ] tidevice  list
[ I 210820 10:23:11 systemer:71 ] 00008020-001A08D11A7A002E 方飞的 iPhone
[ I 210820 10:23:11 systemer:62 ] [ shell ] tidevice  list
[ I 210820 10:23:11 systemer:71 ] 00008020-001A08D11A7A002E 方飞的 iPhone
[ I 210820 10:23:11 systemer:62 ] [ shell ] tidevice  list
[ I 210820 10:23:12 systemer:71 ] 00008020-001A08D11A7A002E 方飞的 iPhone
[ I 210820 10:23:12 systemer:62 ] [ shell ] tidevice  list
[ I 210820 10:23:12 systemer:71 ] 00008020-001A08D11A7A002E 方飞的 iPhone
[ I 210820 10:23:13 systemer:62 ] [ shell ] tidevice  list
[ I 210820 10:23:13 systemer:71 ] 00008020-001A08D11A7A002E 方飞的 iPhone
[ I 210820 10:23:13 systemer:62 ] [ shell ] tidevice  list
[ I 210820 10:23:14 systemer:71 ] 00008020-001A08D11A7A002E 方飞的 iPhone
[ I 210820 10:23:14 systemer:62 ] [ shell ] tidevice  list
[ I 210820 10:23:14 systemer:71 ] 00008020-001A08D11A7A002E 方飞的 iPhone
[ I 210820 10:23:14 systemer:62 ] [ shell ] tidevice  list
[ I 210820 10:25:39 systemer:62 ] [ shell ] tidevice  list
[ I 210820 10:25:40 systemer:71 ] 00008020-001A08D11A7A002E 方飞的 iPhone
[ I 210820 10:25:40 systemer:62 ] [ shell ] tidevice  list
[ I 210820 10:25:40 systemer:71 ] 00008020-001A08D11A7A002E 方飞的 iPhone
[ I 210820 10:25:40 systemer:62 ] [ shell ] tidevice  list
[ I 210820 10:25:41 systemer:71 ] 00008020-001A08D11A7A002E 方飞的 iPhone
[ I 210820 10:25:41 systemer:62 ] [ shell ] tidevice  list
[ I 210820 10:25:41 systemer:71 ] 00008020-001A08D11A7A002E 方飞的 iPhone
[ I 210820 10:25:41 systemer:62 ] [ shell ] tidevice  list
[ I 210820 10:25:42 systemer:71 ] 00008020-001A08D11A7A002E 方飞的 iPhone
[ I 210820 10:25:42 systemer:62 ] [ shell ] tidevice  list
[ I 210820 10:25:43 systemer:71 ] 00008020-001A08D11A7A002E 方飞的 iPhone
[ I 210820 10:27:28 systemer:62 ] [ shell ] tidevice  list
[ I 210820 10:27:29 systemer:71 ] 00008020-001A08D11A7A002E 方飞的 iPhone
[ I 210820 10:27:29 systemer:62 ] [ shell ] tidevice  list
[ I 210820 10:27:29 systemer:71 ] 00008020-001A08D11A7A002E 方飞的 iPhone
[ I 210820 10:27:29 systemer:62 ] [ shell ] tidevice  list
[ I 210820 10:27:30 systemer:71 ] 00008020-001A08D11A7A002E 方飞的 iPhone
[ I 210820 10:27:30 systemer:62 ] [ shell ] tidevice  list
[ I 210820 10:27:31 systemer:71 ] 00008020-001A08D11A7A002E 方飞的 iPhone
[ I 210820 10:27:31 systemer:62 ] [ shell ] tidevice  list
[ I 210820 10:27:31 systemer:71 ] 00008020-001A08D11A7A002E 方飞的 iPhone
[ I 210820 10:27:31 systemer:62 ] [ shell ] tidevice  list
[ I 210820 10:27:32 systemer:71 ] 00008020-001A08D11A7A002E 方飞的 iPhone
[ I 210820 10:43:35 systemer:62 ] [ shell ] tidevice  list
[ I 210820 10:43:36 systemer:71 ] 00008020-001A08D11A7A002E 方飞的 iPhone
[ I 210820 10:43:36 systemer:62 ] [ shell ] tidevice  list
[ I 210820 10:43:37 systemer:71 ] 00008020-001A08D11A7A002E 方飞的 iPhone
[ I 210820 10:43:37 systemer:62 ] [ shell ] tidevice  list
[ I 210820 10:43:37 systemer:71 ] 00008020-001A08D11A7A002E 方飞的 iPhone
[ I 210820 10:43:37 systemer:62 ] [ shell ] tidevice  list
[ I 210820 10:43:38 systemer:71 ] 00008020-001A08D11A7A002E 方飞的 iPhone
[ I 210820 10:43:38 systemer:62 ] [ shell ] tidevice  list
[ I 210820 10:43:38 systemer:71 ] 00008020-001A08D11A7A002E 方飞的 iPhone
[ I 210820 10:43:38 systemer:62 ] [ shell ] tidevice  list
[ I 210820 10:43:39 systemer:71 ] 00008020-001A08D11A7A002E 方飞的 iPhone
[ I 210820 14:21:28 stacked_adbkit:345 ] Device checking... Now device list: []
[ I 210820 14:21:32 systemer:62 ] [ shell ] tidevice  list
[ I 210820 14:21:32 systemer:71 ] 00008020-001A08D11A7A002E 方飞的 iPhone
[ I 210820 14:21:32 systemer:62 ] [ shell ] tidevice  list
[ I 210820 14:21:33 systemer:71 ] 00008020-001A08D11A7A002E 方飞的 iPhone
[ I 210820 14:21:33 systemer:62 ] [ shell ] tidevice  list
[ I 210820 14:21:34 systemer:71 ] 00008020-001A08D11A7A002E 方飞的 iPhone
[ I 210820 14:21:34 stacked_tidevice:218 ] Device checking... Now device list: ['方飞的 iPhone']
[ I 210820 14:21:47 systemer:62 ] [ shell ] tidevice  list
[ I 210820 14:21:47 systemer:71 ] 00008020-001A08D11A7A002E 方飞的 iPhone
[ I 210820 14:21:47 systemer:62 ] [ shell ] tidevice  list
[ I 210820 14:21:48 systemer:71 ] 00008020-001A08D11A7A002E 方飞的 iPhone
[ I 210820 14:21:48 systemer:62 ] [ shell ] tidevice  info
[ I 210820 14:21:49 systemer:71 ] MarketName:       iPhone XR
[ I 210820 14:21:49 systemer:71 ] DeviceName:       方飞的 iPhone
[ I 210820 14:21:49 systemer:71 ] ProductVersion:   14.4.2
[ I 210820 14:21:49 systemer:71 ] ProductType:      iPhone11,8
[ I 210820 14:21:49 systemer:71 ] ModelNumber:      MT182
[ I 210820 14:21:49 systemer:71 ] SerialNumber:     F17XM0JRKXM4
[ I 210820 14:21:49 systemer:71 ] PhoneNumber:      None
[ I 210820 14:21:49 systemer:71 ] CPUArchitecture:  arm64e
[ I 210820 14:21:49 systemer:71 ] ProductName:      iPhone OS
[ I 210820 14:21:49 systemer:71 ] ProtocolVersion:  2
[ I 210820 14:21:49 systemer:71 ] RegionInfo:       CH/A
[ I 210820 14:21:49 systemer:71 ] TimeIntervalSince1970: 1629440508.945232
[ I 210820 14:21:49 systemer:71 ] TimeZone:         Asia/Shanghai
[ I 210820 14:21:49 systemer:71 ] UniqueDeviceID:   00008020-001A08D11A7A002E
[ I 210820 14:21:49 systemer:71 ] WiFiAddress:      74:b5:87:ce:17:91
[ I 210820 14:21:49 systemer:71 ] BluetoothAddress: 74:b5:87:d9:db:ab
[ I 210820 14:21:49 systemer:71 ] BasebandVersion:  3.02.02
[ I 210820 14:22:00 stacked_tidevice:352 ] [ OPEN ] screen dir ==> open /Users/lan/workspace/pythonProject/estoolkit_qt_2.0/screen
[ I 210820 14:22:12 systemer:62 ] [ shell ] tidevice  list
[ I 210820 14:22:12 systemer:71 ] 00008020-001A08D11A7A002E 方飞的 iPhone
[ I 210820 14:22:12 stacked_tidevice:284 ] 关闭应用：com.easou.esbook
[ I 210820 14:22:12 systemer:62 ] [ shell ] tidevice  list
[ I 210820 14:22:13 systemer:71 ] 00008020-001A08D11A7A002E 方飞的 iPhone
[ I 210820 14:22:13 systemer:62 ] [ shell ] tidevice  kill com.easou.esbook
[ I 210820 14:22:15 systemer:71 ] Kill pid: 1916
