[ I 210823 16:07:54 stacked_adbkit:596 ] Open screenshot ==> open /Users/lan/workspace/pythonProject/estoolkit_qt_2.0/screen/方飞的iphone_210820_102025.jpg
[ I 210823 16:07:58 stacked_adbkit:606 ] Open screenshot dir ==> open /Users/lan/workspace/pythonProject/estoolkit_qt_2.0/screen
[ I 210823 16:27:54 common:254 ] Open screenshot ==> open /Users/lan/workspace/pythonProject/estoolkit_qt_2.0/screen/书架.jpg
[ I 210823 16:35:17 common:254 ] [OPEN] ==> open /Users/lan/workspace/pythonProject/estoolkit_qt_2.0/logcat
[ I 210823 16:35:23 common:254 ] [OPEN] ==> open /Users/lan/workspace/pythonProject/estoolkit_qt_2.0/logcat
[ I 210823 16:35:42 common:254 ] [OPEN] ==> open /Users/lan/workspace/pythonProject/estoolkit_qt_2.0/screen
[ I 210823 16:38:49 common:254 ] [OPEN] ==> open /Users/lan/workspace/pythonProject/estoolkit_qt_2.0/logcat
[ I 210823 16:43:40 systemer:151 ] [OPEN] ==> open /Users/lan/workspace/pythonProject/estoolkit_qt_2.0/screen/书架.jpg
[ I 210823 16:44:18 systemer:151 ] [OPEN] ==> open /Users/lan/workspace/pythonProject/estoolkit_qt_2.0/screen/书架.jpg
[ I 210823 16:44:23 systemer:151 ] [OPEN] ==> open /Users/lan/workspace/pythonProject/estoolkit_qt_2.0/screen
[ I 210823 16:45:14 systemer:105 ] 初始化目录: /Users/lan/workspace/pythonProject/estoolkit_qt_2.0/logcat
[ I 210823 16:45:14 systemer:118 ] Directory already exists：/Users/lan/workspace/pythonProject/estoolkit_qt_2.0/logcat
[ I 210823 16:45:14 systemer:105 ] 初始化目录: /Users/lan/workspace/pythonProject/estoolkit_qt_2.0/screen
[ I 210823 16:45:14 systemer:118 ] Directory already exists：/Users/lan/workspace/pythonProject/estoolkit_qt_2.0/screen
[ I 210823 16:45:38 systemer:155 ] [OPEN] ==> open /Users/lan/workspace/pythonProject/estoolkit_qt_2.0/screen/书架.jpg
[ I 210823 16:45:38 systemer:155 ] [OPEN] ==> open /Users/lan/workspace/pythonProject/estoolkit_qt_2.0/screen/书架.jpg
[ I 210823 16:48:08 systemer:152 ] [OPEN] ==> open /Users/lan/workspace/pythonProject/estoolkit_qt_2.0/screen
[ I 210823 16:49:22 systemer:152 ] [OPEN] ==> open /Users/lan/workspace/pythonProject/estoolkit_qt_2.0/screen
[ I 210823 16:50:09 systemer:103 ] 初始化目录: /Users/lan/workspace/pythonProject/estoolkit_qt_2.0/logcat
[ I 210823 16:50:09 systemer:116 ] Directory already exists：/Users/lan/workspace/pythonProject/estoolkit_qt_2.0/logcat
[ I 210823 16:50:09 systemer:103 ] 初始化目录: /Users/lan/workspace/pythonProject/estoolkit_qt_2.0/screen
[ I 210823 16:50:09 systemer:116 ] Directory already exists：/Users/lan/workspace/pythonProject/estoolkit_qt_2.0/screen
[ I 210823 16:50:12 systemer:153 ] [OPEN] ==> open /Users/lan/workspace/pythonProject/estoolkit_qt_2.0/screen
[ I 210823 16:50:12 systemer:153 ] [OPEN] ==> open /Users/lan/workspace/pythonProject/estoolkit_qt_2.0/screen
[ I 210823 16:50:17 systemer:153 ] [OPEN] ==> open /Users/lan/workspace/pythonProject/estoolkit_qt_2.0/logcat
[ I 210823 16:50:17 systemer:153 ] [OPEN] ==> open /Users/lan/workspace/pythonProject/estoolkit_qt_2.0/logcat
[ I 210823 16:51:18 systemer:150 ] [OPEN] ==> open /Users/lan/workspace/pythonProject/estoolkit_qt_2.0/screen
[ I 210823 16:59:11 systemer:150 ] [OPEN] ==> open /Users/lan/workspace/pythonProject/estoolkit_qt_2.0/screen
[ I 210823 17:00:41 systemer:150 ] [OPEN] ==> open /Users/lan/workspace/pythonProject/estoolkit_qt_2.0/screen
[ I 210823 17:00:41 systemer:61 ] [ shell ] open /Users/lan/workspace/pythonProject/estoolkit_qt_2.0/screen
[ I 210823 17:01:03 systemer:61 ] [ shell ] open /Users/lan/workspace/pythonProject/estoolkit_qt_2.0/screen
[ I 210823 17:08:36 systemer:61 ] [ shell ] open /Users/lan/workspace/pythonProject/estoolkit_qt_2.0/screen
[ I 210823 17:08:46 systemer:61 ] [ shell ] open /Users/lan/workspace/pythonProject/estoolkit_qt_2.0/screen/书架.jpg
