[ I 210819 12:32:33 systemer:83 ] [ shell ] tidevice  list
[ I 210819 12:32:33 systemer:92 ] 00008020-001A08D11A7A002E 方飞的 iPhone
[ I 210819 12:38:03 systemer:83 ] [ shell ] tidevice  list
[ I 210819 12:38:04 systemer:92 ] 00008020-001A08D11A7A002E 方飞的 iPhone
[ I 210819 12:38:25 systemer:83 ] [ shell ] tidevice  list
[ I 210819 12:38:26 systemer:92 ] 00008020-001A08D11A7A002E 方飞的 iPhone
[ I 210819 12:45:35 systemer:83 ] [ shell ] tidevice  list
[ I 210819 12:45:35 systemer:92 ] 00008020-001A08D11A7A002E 方飞的 iPhone
[ I 210819 12:46:30 systemer:83 ] [ shell ] tidevice  list
[ I 210819 12:46:31 systemer:92 ] 00008020-001A08D11A7A002E 方飞的 iPhone
[ I 210819 12:47:36 systemer:83 ] [ shell ] tidevice  list
[ I 210819 12:47:36 systemer:92 ] 00008020-001A08D11A7A002E 方飞的 iPhone
[ I 210819 15:59:59 systemer:83 ] [ shell ] tidevice  list
[ I 210819 16:01:28 systemer:83 ] [ shell ] tidevice  list
[ I 210819 16:01:59 systemer:83 ] [ shell ] tidevice  list
[ I 210819 16:02:57 systemer:83 ] [ shell ] tidevice  list
[ I 210819 16:06:07 systemer:83 ] [ shell ] tidevice  list
[ I 210819 16:06:33 stacked_adbkit:340 ] Device checking... Now device list: []
[ I 210819 16:06:37 systemer:83 ] [ shell ] tidevice  list
[ I 210819 16:06:38 stacked_tidevice:224 ] Device checking... Now device list: []
[ I 210819 16:06:42 stacked_adbkit:340 ] Device checking... Now device list: []
[ I 210819 16:07:01 systemer:83 ] [ shell ] tidevice  list
[ I 210819 16:07:06 stacked_adbkit:340 ] Device checking... Now device list: []
[ I 210819 16:07:16 systemer:83 ] [ shell ] tidevice  info
[ I 210819 16:07:19 systemer:83 ] [ shell ] tidevice  applist
[ I 210819 16:07:21 stacked_tidevice:245 ] 请输入安装包链接或本地路径～
[ I 210819 16:07:23 stacked_tidevice:270 ] 卸载应用：com.easou.esbook
[ I 210819 16:07:24 systemer:83 ] [ shell ] tidevice  uninstall com.easou.esbook
[ I 210819 16:08:39 stacked_tidevice:245 ] 请输入安装包链接或本地路径～
[ I 210819 16:12:06 systemer:83 ] [ shell ] tidevice  list
[ I 210819 16:13:59 systemer:83 ] [ shell ] tidevice  list
[ I 210819 16:14:29 systemer:83 ] [ shell ] tidevice  list
[ I 210819 16:15:00 systemer:83 ] [ shell ] tidevice  list
[ I 210819 16:15:38 stacked_adbkit:340 ] Device checking... Now device list: []
[ I 210819 16:19:20 systemer:83 ] [ shell ] tidevice  list
[ I 210819 16:19:22 systemer:83 ] [ shell ] tidevice  list
[ I 210819 16:19:25 systemer:83 ] [ shell ] tidevice  list
[ I 210819 16:23:32 systemer:83 ] [ shell ] tidevice  list
[ I 210819 16:24:57 systemer:83 ] [ shell ] tidevice  list
[ I 210819 16:25:56 systemer:83 ] [ shell ] tidevice  list
[ I 210819 16:31:05 systemer:83 ] [ shell ] tidevice  list
[ I 210819 16:31:49 systemer:83 ] [ shell ] tidevice  list
[ I 210819 16:50:04 systemer:83 ] [ shell ] tidevice  list
[ I 210819 16:50:43 systemer:83 ] [ shell ] tidevice  list
[ I 210819 16:51:18 systemer:83 ] [ shell ] tidevice  list
[ I 210819 16:51:36 systemer:83 ] [ shell ] tidevice  list
[ I 210819 16:52:09 systemer:83 ] [ shell ] tidevice  list
[ I 210819 16:56:49 systemer:83 ] [ shell ] tidevice  list
[ I 210819 16:56:51 systemer:83 ] [ shell ] tidevice  list
[ I 210819 16:56:54 stacked_tidevice:239 ] 请输入安装包链接或本地路径～
[ I 210819 16:56:55 systemer:83 ] [ shell ] tidevice  list
[ I 210819 16:56:58 stacked_tidevice:331 ] Open screenshot ==> open /Users/lan/workspace/pythonProject/estoolkit_qt_2.0/screenshot.jpg
[ I 210819 17:08:15 stacked_adbkit:348 ] Device checking... Now device list: []
[ I 210819 17:13:02 stacked_adbkit:349 ] Device checking... Now device list: []
[ I 210819 17:14:45 stacked_adbkit:349 ] Device checking... Now device list: []
[ I 210819 17:15:01 stacked_adbkit:349 ] Device checking... Now device list: []
[ I 210819 17:15:56 stacked_adbkit:349 ] Device checking... Now device list: []
[ I 210819 17:16:28 stacked_adbkit:390 ] 安装链接：
[ I 210819 17:16:28 stacked_adbkit:427 ] 文本为空，不生成二维码！
[ I 210819 17:16:31 stacked_adbkit:390 ] 安装链接：
[ I 210819 17:16:31 stacked_adbkit:427 ] 文本为空，不生成二维码！
[ I 210819 17:19:23 stacked_adbkit:467 ] Delete folder name：easou_book
[ I 210819 17:19:36 stacked_adbkit:467 ] Delete folder name：weijuan
[ I 210819 17:19:41 stacked_adbkit:475 ] Insert folder name：
[ I 210819 17:19:45 stacked_adbkit:475 ] Insert folder name：123
[ I 210819 17:19:47 stacked_adbkit:467 ] Delete folder name：123
[ I 210819 17:21:00 stacked_adbkit:569 ] Open screenshot dir ==> open /Users/lan/workspace/pythonProject/estoolkit_qt_2.0/logcat
[ I 210819 17:21:16 stacked_adbkit:569 ] Open screenshot dir ==> open /Users/lan/workspace/pythonProject/estoolkit_qt_2.0/logcat
[ I 210819 17:21:55 stacked_adbkit:594 ] Open screenshot ==> open /Users/lan/workspace/pythonProject/estoolkit_qt_2.0/screen/huawei_210816_165113.png
[ I 210819 17:21:59 stacked_adbkit:604 ] Open screenshot dir ==> open /Users/lan/workspace/pythonProject/estoolkit_qt_2.0/screen
[ E 210819 17:30:02 stacked_adbkit:547 ] 停止连续滑动线程失败: 'AdbKitPage' object has no attribute 't'
[ E 210819 17:31:16 stacked_adbkit:551 ] 停止连续滑动线程失败: 'AdbKitPage' object has no attribute 't'
[ E 210819 17:31:58 stacked_adbkit:551 ] 停止连续滑动线程失败: 'AdbKitPage' object has no attribute 't'
[ E 210819 17:34:52 stacked_adbkit:551 ] 停止连续滑动线程失败: 'AdbKitPage' object has no attribute 't'
[ I 210819 17:35:02 systemer:83 ] [ shell ] tidevice  list
[ I 210819 17:35:06 systemer:83 ] [ shell ] tidevice  list
[ I 210819 17:35:09 systemer:83 ] [ shell ] tidevice  list
[ I 210819 17:35:11 stacked_tidevice:241 ] 请输入安装包链接或本地路径～
[ I 210819 17:35:15 stacked_tidevice:308 ] 文本为空，不生成二维码！
[ I 210819 17:35:16 systemer:83 ] [ shell ] tidevice  list
[ I 210819 17:35:19 systemer:83 ] [ shell ] tidevice  list
[ I 210819 17:35:20 systemer:83 ] [ shell ] tidevice  list
[ I 210819 17:35:26 stacked_tidevice:333 ] Open screenshot ==> open /Users/lan/workspace/pythonProject/estoolkit_qt_2.0/screenshot.jpg
[ I 210819 17:35:30 systemer:83 ] [ shell ] tidevice  list
[ I 210819 17:36:15 systemer:83 ] [ shell ] tidevice  list
[ I 210819 17:36:25 systemer:83 ] [ shell ] tidevice  list
[ I 210819 17:38:06 systemer:83 ] [ shell ] tidevice  list
[ I 210819 17:38:08 systemer:83 ] [ shell ] tidevice  list
[ I 210819 17:38:11 stacked_tidevice:243 ] 请输入安装包链接或本地路径～
[ I 210819 17:38:13 systemer:83 ] [ shell ] tidevice  list
[ I 210819 17:38:16 systemer:83 ] [ shell ] tidevice  list
[ I 210819 17:38:28 systemer:83 ] [ shell ] tidevice  list
[ I 210819 17:38:31 systemer:83 ] [ shell ] tidevice  list
[ I 210819 17:38:34 stacked_tidevice:336 ] Open screenshot ==> open /Users/lan/workspace/pythonProject/estoolkit_qt_2.0/screenshot.jpg
[ I 210819 17:38:50 stacked_tidevice:336 ] Open screenshot ==> open /Users/lan/workspace/pythonProject/estoolkit_qt_2.0/screenshot.jpg
